Running: fuse.exe -relaunch -intstyle "ise" -incremental -o "C:/Users/James/Documents/College Semesters/8 Spring 2018/Junior Design/Lab1/Prog_2/Prog_2_test_isim_beh.exe" -prj "C:/Users/James/Documents/College Semesters/8 Spring 2018/Junior Design/Lab1/Prog_2/Prog_2_test_beh.prj" "work.Prog_2_test" 
ISim P.20131013 (signature 0x7708f090)
Number of CPUs detected in this system: 4
Turning on mult-threading, number of parallel sub-compilation jobs: 8 
Determining compilation order of HDL files
Parsing VHDL file "C:/Users/James/Documents/College Semesters/8 Spring 2018/Junior Design/Lab1/Prog_2/Prog_2.vhd" into library work
Parsing VHDL file "C:/Users/James/Documents/College Semesters/8 Spring 2018/Junior Design/Lab1/Prog_2/Prog_2_test.vhd" into library work
Starting static elaboration
Completed static elaboration
Compiling package standard
Compiling package std_logic_1164
Compiling package std_logic_arith
Compiling package std_logic_unsigned
Compiling architecture behavioral of entity Prog_2 [prog_2_default]
Compiling architecture behavior of entity prog_2_test
Time Resolution for simulation is 1ps.
Waiting for 1 sub-compilation(s) to finish...
Compiled 7 VHDL Units
Built simulation executable C:/Users/James/Documents/College Semesters/8 Spring 2018/Junior Design/Lab1/Prog_2/Prog_2_test_isim_beh.exe
Fuse Memory Usage: 34000 KB
Fuse CPU Usage: 562 ms
