ISim log file
Running: C:\Users\James\Documents\College Semesters\8 Spring 2018\Junior Design\Lab1\Prog_2\Prog_2_test_isim_beh.exe -intstyle ise -gui -tclbatch isim.cmd -wdb C:/Users/James/Documents/College Semesters/8 Spring 2018/Junior Design/Lab1/Prog_2/Prog_2_test_isim_beh.wdb 
ISim P.20131013 (signature 0x7708f090)
WARNING: A WEBPACK license was found.
WARNING: Please use Xilinx License Configuration Manager to check out a full ISim license.
WARNING: ISim will run in Lite mode. Please refer to the ISim documentation for more information on the differences between the Lite and the Full version.
This is a Lite version of ISim.
Time resolution is 1 ps
# onerror resume
# wave add /
# run 1000 ns
Simulator is doing circuit initialization process.
Finished circuit initialization process.
# restart
# run 1.00us
Simulator is doing circuit initialization process.
Finished circuit initialization process.
# restart
# run 2 s
Simulator is doing circuit initialization process.
Finished circuit initialization process.
ISim P.20131013 (signature 0x7708f090)
WARNING: A WEBPACK license was found.
WARNING: Please use Xilinx License Configuration Manager to check out a full ISim license.
WARNING: ISim will run in Lite mode. Please refer to the ISim documentation for more information on the differences between the Lite and the Full version.
This is a Lite version of ISim.
# run 1000 ns
Simulator is doing circuit initialization process.
Finished circuit initialization process.
# restart
# run 2 s
Simulator is doing circuit initialization process.
Finished circuit initialization process.
Stopped at time : 552991955 ns : File "C:/Users/James/Documents/College Semesters/8 Spring 2018/Junior Design/Lab1/Prog_2/Prog_2.vhd" Line 54
ISim P.20131013 (signature 0x7708f090)
WARNING: A WEBPACK license was found.
WARNING: Please use Xilinx License Configuration Manager to check out a full ISim license.
WARNING: ISim will run in Lite mode. Please refer to the ISim documentation for more information on the differences between the Lite and the Full version.
This is a Lite version of ISim.
# run 1000 ns
Simulator is doing circuit initialization process.
Finished circuit initialization process.
ISim P.20131013 (signature 0x7708f090)
WARNING: A WEBPACK license was found.
WARNING: Please use Xilinx License Configuration Manager to check out a full ISim license.
WARNING: ISim will run in Lite mode. Please refer to the ISim documentation for more information on the differences between the Lite and the Full version.
This is a Lite version of ISim.
# run 1000 ns
Simulator is doing circuit initialization process.
Finished circuit initialization process.
# restart
# run 2 s
Simulator is doing circuit initialization process.
Finished circuit initialization process.
Stopped at time : 329553385 ns : File "C:/Users/James/Documents/College Semesters/8 Spring 2018/Junior Design/Lab1/Prog_2/Prog_2.vhd" Line 63
ISim P.20131013 (signature 0x7708f090)
WARNING: A WEBPACK license was found.
WARNING: Please use Xilinx License Configuration Manager to check out a full ISim license.
WARNING: ISim will run in Lite mode. Please refer to the ISim documentation for more information on the differences between the Lite and the Full version.
This is a Lite version of ISim.
# run 1000 ns
Simulator is doing circuit initialization process.
Finished circuit initialization process.
# restart
# restart
# run 2 s
Simulator is doing circuit initialization process.
Finished circuit initialization process.
Stopped at time : 1586222655 ns : File "C:/Users/James/Documents/College Semesters/8 Spring 2018/Junior Design/Lab1/Prog_2/Prog_2.vhd" Line 63
ISim P.20131013 (signature 0x7708f090)
WARNING: A WEBPACK license was found.
WARNING: Please use Xilinx License Configuration Manager to check out a full ISim license.
WARNING: ISim will run in Lite mode. Please refer to the ISim documentation for more information on the differences between the Lite and the Full version.
This is a Lite version of ISim.
# run 1000 ns
Simulator is doing circuit initialization process.
Finished circuit initialization process.
# restart
# run 2 s
Simulator is doing circuit initialization process.
Finished circuit initialization process.
Stopped at time : 1584567930 ns : File "C:/Users/James/Documents/College Semesters/8 Spring 2018/Junior Design/Lab1/Prog_2/Prog_2_test.vhd" Line 73
ISim P.20131013 (signature 0x7708f090)
WARNING: A WEBPACK license was found.
WARNING: Please use Xilinx License Configuration Manager to check out a full ISim license.
WARNING: ISim will run in Lite mode. Please refer to the ISim documentation for more information on the differences between the Lite and the Full version.
This is a Lite version of ISim.
# run 1000 ns
Simulator is doing circuit initialization process.
Finished circuit initialization process.
# restart
# run 2 s
Simulator is doing circuit initialization process.
Finished circuit initialization process.
