Release 14.7 Map P.20131013 (nt64)
Xilinx Mapping Report File for Design 'Prog'

Design Information
------------------
Command Line   : map -intstyle ise -p xc3s100e-vq100-4 -cm area -ir off -pr off
-c 100 -o Prog_map.ncd Prog.ngd Prog.pcf 
Target Device  : xc3s100e
Target Package : vq100
Target Speed   : -4
Mapper Version : spartan3e -- $Revision: 1.55 $
Mapped Date    : Wed Jan 24 13:55:33 2018

Design Summary
--------------
Number of errors   :   2
Number of warnings :   0

Section 1 - Errors
------------------
ERROR:Map:116 - The design is empty.  No processing will be done.
ERROR:Map:52 - Problem encountered processing RPMs. 

Section 2 - Warnings
--------------------

Section 3 - Informational
-------------------------
